<?xml version="1.0" encoding="UTF-8"?>
<testng-results ignored="0" total="2" passed="2" failed="0" skipped="0">
  <reporter-output>
  </reporter-output>
  <suite started-at="2024-09-28T22:06:08 EDT" name="Suite" finished-at="2024-09-28T22:06:15 EDT" duration-ms="6630">
    <groups>
    </groups>
    <test started-at="2024-09-28T22:06:08 EDT" name="Test" finished-at="2024-09-28T22:06:15 EDT" duration-ms="6630">
      <class name="browserTest.ChromeTest">
        <test-method signature="browsertest()[pri:0, instance:browserTest.ChromeTest@7ed7259e]" started-at="2024-09-28T22:06:08 EDT" name="browsertest" finished-at="2024-09-28T22:06:12 EDT" duration-ms="3737" status="PASS">
          <reporter-output>
          </reporter-output>
        </test-method> <!-- browsertest -->
        <test-method signature="browsertest2()[pri:0, instance:browserTest.ChromeTest@7ed7259e]" started-at="2024-09-28T22:06:12 EDT" name="browsertest2" finished-at="2024-09-28T22:06:15 EDT" duration-ms="2879" status="PASS">
          <reporter-output>
          </reporter-output>
        </test-method> <!-- browsertest2 -->
      </class> <!-- browserTest.ChromeTest -->
    </test> <!-- Test -->
  </suite> <!-- Suite -->
</testng-results>
